<?xml version="1.0" encoding="utf-8"?><testsuites name="pytest tests"><testsuite name="pytest" errors="0" failures="0" skipped="0" tests="9" time="2.054" timestamp="2026-07-20T05:43:21.886293+00:00" hostname="agent-env-e093e1a5-eb20-42b1-92cc-3a61985df934"><testcase classname="tests.test_iteration_16_profile_leads.TestProfileUpdatePhone" name="test_put_profile_valid_phone_formats_and_persists" time="0.243" /><testcase classname="tests.test_iteration_16_profile_leads.TestProfileUpdatePhone" name="test_put_profile_invalid_phone_returns_400" time="0.052" /><testcase classname="tests.test_iteration_16_profile_leads.TestProfileUpdatePhone" name="test_get_profile_404_for_unknown" time="0.046" /><testcase classname="tests.test_iteration_16_profile_leads.TestFreelancerSubmit" name="test_submit_persists_phone_skill_category_location" time="0.052" /><testcase classname="tests.test_iteration_16_profile_leads.TestLeadsPreviewMerge" name="test_real_pro_with_phone_appears_first" time="0.093" /><testcase classname="tests.test_iteration_16_profile_leads.TestLeadsPreviewMerge" name="test_real_pro_without_phone_excluded" time="0.047" /><testcase classname="tests.test_iteration_16_profile_leads.TestLeadsPreviewMerge" name="test_seeded_leads_still_50" time="0.045" /><testcase classname="tests.test_iteration_16_profile_leads.TestEmployerUnlock" name="test_unlock_returns_leads" time="1.250" /><testcase classname="tests.test_iteration_16_profile_leads.TestJobsRegression" name="test_jobs_feed" time="0.067" /></testsuite></testsuites>