<?xml version="1.0" encoding="utf-8"?><testsuites name="pytest tests"><testsuite name="pytest" errors="0" failures="0" skipped="0" tests="66" time="35.294" timestamp="2026-07-11T15:25:14.732519+00:00" hostname="agent-env-e093e1a5-eb20-42b1-92cc-3a61985df934"><testcase classname="backend.tests.test_apply_quota" name="test_quota_initial_state" time="2.573" /><testcase classname="backend.tests.test_apply_quota" name="test_quota_unknown_freelancer_404" time="0.140" /><testcase classname="backend.tests.test_apply_quota" name="test_apply_unknown_job_404" time="0.147" /><testcase classname="backend.tests.test_apply_quota" name="test_apply_unknown_freelancer_404" time="0.104" /><testcase classname="backend.tests.test_apply_quota" name="test_apply_unverified_freelancer_403" time="1.206" /><testcase classname="backend.tests.test_apply_quota" name="test_apply_first_success_increments_quota" time="2.482" /><testcase classname="backend.tests.test_apply_quota" name="test_apply_duplicate_409" time="0.186" /><testcase classname="backend.tests.test_apply_quota" name="test_apply_quota_exhaust_then_402_then_boost_then_capped_at_8" time="2.299" /><testcase classname="backend.tests.test_apply_quota" name="test_unlock_unknown_freelancer_404" time="0.132" /><testcase classname="backend.tests.test_apply_quota" name="test_unlock_unverified_freelancer_403" time="0.095" /><testcase classname="backend.tests.test_auth_chat_map.TestAuth" name="test_auth_me_with_valid_token" time="0.113" /><testcase classname="backend.tests.test_auth_chat_map.TestAuth" name="test_auth_me_without_token" time="0.097" /><testcase classname="backend.tests.test_auth_chat_map.TestAuth" name="test_auth_me_bad_token" time="0.101" /><testcase classname="backend.tests.test_auth_chat_map.TestJobsAnonymized" name="test_jobs_have_company_and_area_no_employer_info" time="0.112" /><testcase classname="backend.tests.test_auth_chat_map.TestJobsAnonymized" name="test_jobs_with_verified_freelancer_still_anonymous" time="2.323" /><testcase classname="backend.tests.test_auth_chat_map.TestMapPins" name="test_map_pins_shape" time="0.101" /><testcase classname="backend.tests.test_auth_chat_map.TestChatFlow" name="test_apply_returns_conversation_id" time="2.454" /><testcase classname="backend.tests.test_auth_chat_map.TestChatFlow" name="test_send_message_freelancer" time="0.104" /><testcase classname="backend.tests.test_auth_chat_map.TestChatFlow" name="test_send_message_employer" time="0.096" /><testcase classname="backend.tests.test_auth_chat_map.TestChatFlow" name="test_send_empty_message_400" time="0.096" /><testcase classname="backend.tests.test_auth_chat_map.TestChatFlow" name="test_send_bad_role_400" time="0.096" /><testcase classname="backend.tests.test_auth_chat_map.TestChatFlow" name="test_list_messages" time="0.093" /><testcase classname="backend.tests.test_auth_chat_map.TestChatFlow" name="test_get_chat_by_id" time="0.096" /><testcase classname="backend.tests.test_auth_chat_map.TestChatFlow" name="test_get_chat_404" time="0.094" /><testcase classname="backend.tests.test_auth_chat_map.TestChatFlow" name="test_list_chats_filtered_by_freelancer" time="0.109" /><testcase classname="backend.tests.test_auth_chat_map.TestChatFlow" name="test_list_chats_all" time="0.100" /><testcase classname="backend.tests.test_auth_chat_map.TestChatFlow" name="test_apply_dedup_409" time="0.224" /><testcase classname="backend.tests.test_jobs_and_status" name="test_jobs_anonymized_company_only" time="0.111" /><testcase classname="backend.tests.test_jobs_and_status" name="test_jobs_unknown_freelancer_still_anonymized" time="0.114" /><testcase classname="backend.tests.test_jobs_and_status" name="test_jobs_paid_but_not_aadhaar_verified_still_anonymized" time="1.197" /><testcase classname="backend.tests.test_jobs_and_status" name="test_jobs_verified_freelancer_still_anonymized" time="2.330" /><testcase classname="backend.tests.test_jobs_and_status" name="test_freelancer_status_unknown_404" time="0.100" /><testcase classname="backend.tests.test_jobs_and_status" name="test_freelancer_status_paid_only" time="0.094" /><testcase classname="backend.tests.test_jobs_and_status" name="test_freelancer_status_verified" time="0.096" /><testcase classname="backend.tests.test_jobs_buckets" name="test_jobs_total_with_bucket_field" time="0.113" /><testcase classname="backend.tests.test_jobs_buckets" name="test_jobs_bucket_filter_counts[Creative-56]" time="0.099" /><testcase classname="backend.tests.test_jobs_buckets" name="test_jobs_bucket_filter_counts[Tech-48]" time="0.102" /><testcase classname="backend.tests.test_jobs_buckets" name="test_jobs_bucket_filter_counts[Marketing-48]" time="0.091" /><testcase classname="backend.tests.test_jobs_buckets" name="test_jobs_bucket_filter_counts[Ops-48]" time="0.096" /><testcase classname="backend.tests.test_jobs_buckets" name="test_jobs_bucket_filter_case_insensitive_tech" time="0.105" /><testcase classname="backend.tests.test_jobs_buckets" name="test_jobs_bucket_garbage_returns_empty" time="0.355" /><testcase classname="backend.tests.test_jobs_buckets" name="test_jobs_bucket_tech_verified_anonymized" time="2.350" /><testcase classname="backend.tests.test_jobs_buckets" name="test_jobs_bucket_tech_unverified_anonymized" time="0.097" /><testcase classname="backend.tests.test_jobs_buckets" name="test_jobs_structural_sanity" time="0.113" /><testcase classname="backend.tests.test_plans" name="test_plans_catalog_returns_six_plans" time="0.101" /><testcase classname="backend.tests.test_plans" name="test_plans_catalog_sections_and_prices" time="0.093" /><testcase classname="backend.tests.test_plans" name="test_plans_catalog_badges" time="0.100" /><testcase classname="backend.tests.test_plans" name="test_purchase_no_duration_plan_has_no_expiry" time="1.129" /><testcase classname="backend.tests.test_plans" name="test_purchase_branding_plan_has_expiry" time="1.101" /><testcase classname="backend.tests.test_plans" name="test_purchase_enterprise_suite_expiry" time="1.113" /><testcase classname="backend.tests.test_plans" name="test_purchase_invalid_plan_returns_404" time="0.111" /><testcase classname="backend.tests.test_plans" name="test_employer_active_plans_lists_only_own" time="0.096" /><testcase classname="backend.tests.test_plans" name="test_employer_active_plans_isolation" time="0.100" /><testcase classname="backend.tests.test_plans" name="test_regression_unlock_still_199" time="1.302" /><testcase classname="backend.tests.test_plans" name="test_regression_freelancer_pay_still_99" time="1.099" /><testcase classname="backend.tests.test_workhop_api" name="test_leads_preview" time="0.093" /><testcase classname="backend.tests.test_workhop_api" name="test_employer_unlock" time="1.300" /><testcase classname="backend.tests.test_workhop_api" name="test_aadhaar_short" time="1.227" /><testcase classname="backend.tests.test_workhop_api" name="test_aadhaar_dummy[000000000000]" time="0.102" /><testcase classname="backend.tests.test_workhop_api" name="test_aadhaar_dummy[111111111111]" time="0.098" /><testcase classname="backend.tests.test_workhop_api" name="test_aadhaar_dummy[123456789012]" time="0.105" /><testcase classname="backend.tests.test_workhop_api" name="test_aadhaar_unknown_freelancer" time="1.097" /><testcase classname="backend.tests.test_workhop_api" name="test_aadhaar_success" time="1.102" /><testcase classname="backend.tests.test_workhop_api" name="test_submit_too_many_images" time="0.114" /><testcase classname="backend.tests.test_workhop_api" name="test_submit_unknown" time="0.095" /><testcase classname="backend.tests.test_workhop_api" name="test_submit_success" time="0.108" /></testsuite></testsuites>