<?xml version="1.0" encoding="utf-8"?><testsuites name="pytest tests"><testsuite name="pytest" errors="0" failures="0" skipped="0" tests="10" time="6.584" timestamp="2026-07-29T11:14:38.424812+00:00" hostname="agent-env-e093e1a5-eb20-42b1-92cc-3a61985df934"><testcase classname="backend.tests.test_email_otp_auth.TestRequestOtp" name="test_valid_email_returns_ok" time="0.498" /><testcase classname="backend.tests.test_email_otp_auth.TestRequestOtp" name="test_cooldown_returns_429_on_immediate_resend" time="0.322" /><testcase classname="backend.tests.test_email_otp_auth.TestRequestOtp" name="test_invalid_email_returns_400" time="0.081" /><testcase classname="backend.tests.test_email_otp_auth.TestVerifyOtp" name="test_wrong_code_returns_400_and_increments_attempts" time="0.248" /><testcase classname="backend.tests.test_email_otp_auth.TestVerifyOtp" name="test_correct_code_returns_session_and_user" time="0.383" /><testcase classname="backend.tests.test_email_otp_auth.TestVerifyOtp" name="test_relogin_reuses_same_user_id" time="3.955" /><testcase classname="backend.tests.test_email_otp_auth.TestFreelancerVerifyEmail" name="test_success_sets_flags" time="0.334" /><testcase classname="backend.tests.test_email_otp_auth.TestFreelancerVerifyEmail" name="test_wrong_otp_returns_400" time="0.331" /><testcase classname="backend.tests.test_email_otp_auth.TestFreelancerVerifyEmail" name="test_unknown_freelancer_returns_404" time="0.245" /><testcase classname="backend.tests.test_email_otp_auth.TestComplaints" name="test_complaint_creation_returns_200" time="0.047" /></testsuite></testsuites>