<?xml version="1.0" encoding="utf-8"?><testsuites name="pytest tests"><testsuite name="pytest" errors="0" failures="0" skipped="0" tests="6" time="2.828" timestamp="2026-07-23T02:50:10.151576+00:00" hostname="agent-env-e093e1a5-eb20-42b1-92cc-3a61985df934"><testcase classname="backend.tests.test_iteration_19_ux_overhaul.TestLeadsPreview" name="test_leads_preview_returns_50_enriched" time="0.207" /><testcase classname="backend.tests.test_iteration_19_ux_overhaul.TestProsProfile" name="test_pros_lead_1_has_new_fields" time="0.056" /><testcase classname="backend.tests.test_iteration_19_ux_overhaul.TestProsProfile" name="test_pros_unknown_returns_404" time="0.052" /><testcase classname="backend.tests.test_iteration_19_ux_overhaul.TestFreelancerSubmitNewFields" name="test_submit_with_new_fields_persists" time="2.236" /><testcase classname="backend.tests.test_iteration_19_ux_overhaul.TestFreelancerSubmitNewFields" name="test_leads_preview_merges_real_verified_pro" time="0.053" /><testcase classname="backend.tests.test_iteration_19_ux_overhaul.TestFreelancerSubmitValidation" name="test_external_rating_out_of_range_returns_400" time="0.086" /></testsuite></testsuites>