<?xml version="1.0" encoding="utf-8"?><testsuites name="pytest tests"><testsuite name="pytest" errors="0" failures="0" skipped="0" tests="82" time="38.647" timestamp="2026-07-17T06:14:36.011303+00:00" hostname="agent-env-e093e1a5-eb20-42b1-92cc-3a61985df934"><testcase classname="tests.test_apply_quota" name="test_quota_initial_state" time="2.332" /><testcase classname="tests.test_apply_quota" name="test_quota_unknown_freelancer_404" time="0.101" /><testcase classname="tests.test_apply_quota" name="test_apply_unknown_job_404" time="0.108" /><testcase classname="tests.test_apply_quota" name="test_apply_unknown_freelancer_404" time="0.096" /><testcase classname="tests.test_apply_quota" name="test_apply_unverified_freelancer_403" time="1.193" /><testcase classname="tests.test_apply_quota" name="test_apply_first_success_increments_quota" time="2.431" /><testcase classname="tests.test_apply_quota" name="test_apply_duplicate_409" time="0.091" /><testcase classname="tests.test_apply_quota" name="test_apply_quota_exhaust_then_402_then_boost_then_capped_at_8" time="2.217" /><testcase classname="tests.test_apply_quota" name="test_unlock_unknown_freelancer_404" time="0.098" /><testcase classname="tests.test_apply_quota" name="test_unlock_unverified_freelancer_403" time="0.090" /><testcase classname="tests.test_auth_chat_map.TestAuth" name="test_auth_me_with_valid_token" time="0.090" /><testcase classname="tests.test_auth_chat_map.TestAuth" name="test_auth_me_without_token" time="0.089" /><testcase classname="tests.test_auth_chat_map.TestAuth" name="test_auth_me_bad_token" time="0.093" /><testcase classname="tests.test_auth_chat_map.TestJobsAnonymized" name="test_jobs_have_company_and_area_no_employer_info" time="0.118" /><testcase classname="tests.test_auth_chat_map.TestJobsAnonymized" name="test_jobs_with_verified_freelancer_still_anonymous" time="2.338" /><testcase classname="tests.test_auth_chat_map.TestMapPins" name="test_map_pins_shape" time="0.090" /><testcase classname="tests.test_auth_chat_map.TestChatFlow" name="test_apply_returns_conversation_id" time="2.416" /><testcase classname="tests.test_auth_chat_map.TestChatFlow" name="test_send_message_freelancer" time="0.093" /><testcase classname="tests.test_auth_chat_map.TestChatFlow" name="test_send_message_employer" time="0.092" /><testcase classname="tests.test_auth_chat_map.TestChatFlow" name="test_send_empty_message_400" time="0.098" /><testcase classname="tests.test_auth_chat_map.TestChatFlow" name="test_send_bad_role_400" time="0.094" /><testcase classname="tests.test_auth_chat_map.TestChatFlow" name="test_list_messages" time="0.096" /><testcase classname="tests.test_auth_chat_map.TestChatFlow" name="test_get_chat_by_id" time="0.101" /><testcase classname="tests.test_auth_chat_map.TestChatFlow" name="test_get_chat_404" time="0.103" /><testcase classname="tests.test_auth_chat_map.TestChatFlow" name="test_list_chats_filtered_by_freelancer" time="0.091" /><testcase classname="tests.test_auth_chat_map.TestChatFlow" name="test_list_chats_all" time="0.096" /><testcase classname="tests.test_auth_chat_map.TestChatFlow" name="test_apply_dedup_409" time="0.197" /><testcase classname="tests.test_jobs_and_status" name="test_jobs_anonymized_company_only" time="0.096" /><testcase classname="tests.test_jobs_and_status" name="test_jobs_unknown_freelancer_still_anonymized" time="0.103" /><testcase classname="tests.test_jobs_and_status" name="test_jobs_paid_but_not_aadhaar_verified_still_anonymized" time="1.303" /><testcase classname="tests.test_jobs_and_status" name="test_jobs_verified_freelancer_still_anonymized" time="2.286" /><testcase classname="tests.test_jobs_and_status" name="test_freelancer_status_unknown_404" time="0.094" /><testcase classname="tests.test_jobs_and_status" name="test_freelancer_status_paid_only" time="0.097" /><testcase classname="tests.test_jobs_and_status" name="test_freelancer_status_verified" time="0.094" /><testcase classname="tests.test_jobs_buckets" name="test_jobs_total_with_bucket_field" time="0.095" /><testcase classname="tests.test_jobs_buckets" name="test_jobs_bucket_filter_counts[Creative-56]" time="0.093" /><testcase classname="tests.test_jobs_buckets" name="test_jobs_bucket_filter_counts[Tech-48]" time="0.107" /><testcase classname="tests.test_jobs_buckets" name="test_jobs_bucket_filter_counts[Marketing-48]" time="0.094" /><testcase classname="tests.test_jobs_buckets" name="test_jobs_bucket_filter_counts[Ops-48]" time="0.099" /><testcase classname="tests.test_jobs_buckets" name="test_jobs_bucket_filter_case_insensitive_tech" time="0.109" /><testcase classname="tests.test_jobs_buckets" name="test_jobs_bucket_garbage_returns_empty" time="0.092" /><testcase classname="tests.test_jobs_buckets" name="test_jobs_bucket_tech_verified_anonymized" time="2.372" /><testcase classname="tests.test_jobs_buckets" name="test_jobs_bucket_tech_unverified_anonymized" time="0.094" /><testcase classname="tests.test_jobs_buckets" name="test_jobs_structural_sanity" time="0.100" /><testcase classname="tests.test_plans" name="test_plans_catalog_returns_six_plans" time="0.091" /><testcase classname="tests.test_plans" name="test_plans_catalog_sections_and_prices" time="0.088" /><testcase classname="tests.test_plans" name="test_plans_catalog_badges" time="0.091" /><testcase classname="tests.test_plans" name="test_purchase_no_duration_plan_has_no_expiry" time="1.095" /><testcase classname="tests.test_plans" name="test_purchase_branding_plan_has_expiry" time="1.095" /><testcase classname="tests.test_plans" name="test_purchase_enterprise_suite_expiry" time="1.113" /><testcase classname="tests.test_plans" name="test_purchase_invalid_plan_returns_404" time="0.092" /><testcase classname="tests.test_plans" name="test_employer_active_plans_lists_only_own" time="0.096" /><testcase classname="tests.test_plans" name="test_employer_active_plans_isolation" time="0.154" /><testcase classname="tests.test_plans" name="test_regression_unlock_still_199" time="1.304" /><testcase classname="tests.test_plans" name="test_regression_freelancer_pay_still_99" time="1.191" /><testcase classname="tests.test_v2_features.TestCatalog" name="test_catalog_shape" time="0.094" /><testcase classname="tests.test_v2_features.TestComplaints" name="test_create_complaint" time="0.046" /><testcase classname="tests.test_v2_features.TestComplaints" name="test_complaint_validation" time="0.047" /><testcase classname="tests.test_v2_features.TestPostJob" name="test_post_credits_zero_for_new_employer" time="0.055" /><testcase classname="tests.test_v2_features.TestPostJob" name="test_post_job_402_without_credits" time="0.049" /><testcase classname="tests.test_v2_features.TestPostJob" name="test_post_job_success_after_purchase" time="1.206" /><testcase classname="tests.test_v2_features.TestPostJob" name="test_post_job_validation" time="0.089" /><testcase classname="tests.test_v2_features.TestChatLifecycleAndReviews" name="test_transition_to_hired" time="2.297" /><testcase classname="tests.test_v2_features.TestChatLifecycleAndReviews" name="test_transition_to_completed" time="0.045" /><testcase classname="tests.test_v2_features.TestChatLifecycleAndReviews" name="test_invalid_transition_rejected" time="0.043" /><testcase classname="tests.test_v2_features.TestChatLifecycleAndReviews" name="test_employer_review" time="0.045" /><testcase classname="tests.test_v2_features.TestChatLifecycleAndReviews" name="test_freelancer_review" time="0.044" /><testcase classname="tests.test_v2_features.TestChatLifecycleAndReviews" name="test_duplicate_review_rejected" time="0.046" /><testcase classname="tests.test_v2_features.TestChatLifecycleAndReviews" name="test_bad_rating_rejected" time="0.045" /><testcase classname="tests.test_v2_features.TestProProfile" name="test_pro_profile_shape" time="0.108" /><testcase classname="tests.test_v2_features.TestProProfile" name="test_pro_profile_404" time="0.093" /><testcase classname="tests.test_workhop_api" name="test_leads_preview" time="0.124" /><testcase classname="tests.test_workhop_api" name="test_employer_unlock" time="1.291" /><testcase classname="tests.test_workhop_api" name="test_aadhaar_short" time="1.187" /><testcase classname="tests.test_workhop_api" name="test_aadhaar_dummy[000000000000]" time="0.096" /><testcase classname="tests.test_workhop_api" name="test_aadhaar_dummy[111111111111]" time="0.093" /><testcase classname="tests.test_workhop_api" name="test_aadhaar_dummy[123456789012]" time="0.103" /><testcase classname="tests.test_workhop_api" name="test_aadhaar_unknown_freelancer" time="1.096" /><testcase classname="tests.test_workhop_api" name="test_aadhaar_success" time="1.100" /><testcase classname="tests.test_workhop_api" name="test_submit_too_many_images" time="0.129" /><testcase classname="tests.test_workhop_api" name="test_submit_unknown" time="0.091" /><testcase classname="tests.test_workhop_api" name="test_submit_success" time="0.095" /></testsuite></testsuites>