<?xml version="1.0" encoding="utf-8"?><testsuites name="pytest tests"><testsuite name="pytest" errors="0" failures="0" skipped="0" tests="18" time="3.814" timestamp="2026-07-30T03:11:14.707645+00:00" hostname="agent-env-e093e1a5-eb20-42b1-92cc-3a61985df934"><testcase classname="backend.tests.test_coupons.TestCouponValidate" name="test_welcome50_employer_unlock" time="0.230" /><testcase classname="backend.tests.test_coupons.TestCouponValidate" name="test_welcome50_freelancer_onboarding" time="0.522" /><testcase classname="backend.tests.test_coupons.TestCouponValidate" name="test_welcome50_quota_boost" time="0.048" /><testcase classname="backend.tests.test_coupons.TestCouponValidate" name="test_welcome50_plan" time="0.053" /><testcase classname="backend.tests.test_coupons.TestCouponValidate" name="test_flat100_on_plan_success" time="0.054" /><testcase classname="backend.tests.test_coupons.TestCouponValidate" name="test_flat100_on_employer_unlock_forbidden" time="0.046" /><testcase classname="backend.tests.test_coupons.TestCouponValidate" name="test_invalid_code_404" time="0.049" /><testcase classname="backend.tests.test_coupons.TestCouponValidate" name="test_empty_code_400" time="0.044" /><testcase classname="backend.tests.test_coupons.TestCouponValidate" name="test_case_insensitive_code" time="0.048" /><testcase classname="backend.tests.test_coupons.TestCouponValidate" name="test_no_amount_still_valid" time="0.050" /><testcase classname="backend.tests.test_coupons.TestCreateOrderWithCoupon" name="test_employer_unlock_no_coupon" time="0.907" /><testcase classname="backend.tests.test_coupons.TestCreateOrderWithCoupon" name="test_employer_unlock_with_welcome50" time="0.342" /><testcase classname="backend.tests.test_coupons.TestCreateOrderWithCoupon" name="test_employer_unlock_with_flat100_rejected" time="0.045" /><testcase classname="backend.tests.test_coupons.TestCreateOrderWithCoupon" name="test_employer_unlock_invalid_coupon_404" time="0.045" /><testcase classname="backend.tests.test_coupons.TestCreateOrderWithCoupon" name="test_freelancer_onboarding_with_welcome50" time="0.386" /><testcase classname="backend.tests.test_coupons.TestCreateOrderWithCoupon" name="test_plan_with_flat100" time="0.438" /><testcase classname="backend.tests.test_coupons.TestCreateOrderWithCoupon" name="test_plan_with_welcome50" time="0.381" /><testcase classname="backend.tests.test_coupons.TestCreateOrderWithCoupon" name="test_minimum_floor_never_below_1_rupee" time="0.047" /></testsuite></testsuites>