<?xml version="1.0" encoding="utf-8"?><testsuites name="pytest tests"><testsuite name="pytest" errors="0" failures="0" skipped="0" tests="6" time="2.686" timestamp="2026-07-17T06:42:03.169395+00:00" hostname="agent-env-e093e1a5-eb20-42b1-92cc-3a61985df934"><testcase classname="backend.tests.test_iteration_10_bugfixes.TestComplaints" name="test_complaint_saved_and_returns_200_without_resend" time="0.183" /><testcase classname="backend.tests.test_iteration_10_bugfixes.TestComplaints" name="test_complaint_400_on_empty_subject" time="0.044" /><testcase classname="backend.tests.test_iteration_10_bugfixes.TestJobsFeed" name="test_jobs_returns_list_with_expected_shape" time="0.064" /><testcase classname="backend.tests.test_iteration_10_bugfixes.TestJobsFeed" name="test_jobs_have_categories_covering_catalog_chips" time="0.051" /><testcase classname="backend.tests.test_iteration_10_bugfixes.TestApplyFlow" name="test_verified_freelancer_apply_creates_conversation" time="2.237" /><testcase classname="backend.tests.test_iteration_10_bugfixes.TestAuthBypass" name="test_bearer_token_returns_user" time="0.043" /></testsuite></testsuites>