<?xml version="1.0" encoding="utf-8"?><testsuites name="pytest tests"><testsuite name="pytest" errors="0" failures="0" skipped="0" tests="49" time="47.313" timestamp="2026-07-07T03:08:42.797369+00:00" hostname="agent-env-e093e1a5-eb20-42b1-92cc-3a61985df934"><testcase classname="backend.tests.test_apply_quota" name="test_quota_initial_state" time="2.530" /><testcase classname="backend.tests.test_apply_quota" name="test_quota_unknown_freelancer_404" time="0.107" /><testcase classname="backend.tests.test_apply_quota" name="test_apply_unknown_job_404" time="0.116" /><testcase classname="backend.tests.test_apply_quota" name="test_apply_unknown_freelancer_404" time="0.106" /><testcase classname="backend.tests.test_apply_quota" name="test_apply_unverified_freelancer_403" time="1.197" /><testcase classname="backend.tests.test_apply_quota" name="test_apply_first_success_increments_quota" time="2.437" /><testcase classname="backend.tests.test_apply_quota" name="test_apply_duplicate_409" time="0.097" /><testcase classname="backend.tests.test_apply_quota" name="test_apply_quota_exhaust_then_402_then_unlock_then_succeed" time="1.699" /><testcase classname="backend.tests.test_apply_quota" name="test_unlock_unknown_freelancer_404" time="0.104" /><testcase classname="backend.tests.test_apply_quota" name="test_unlock_unverified_freelancer_403" time="0.108" /><testcase classname="backend.tests.test_jobs_and_status" name="test_jobs_anonymous_phone_null" time="0.117" /><testcase classname="backend.tests.test_jobs_and_status" name="test_jobs_unknown_freelancer_phone_null" time="0.126" /><testcase classname="backend.tests.test_jobs_and_status" name="test_jobs_paid_but_not_aadhaar_verified_phone_null" time="1.200" /><testcase classname="backend.tests.test_jobs_and_status" name="test_jobs_verified_freelancer_phone_visible" time="2.335" /><testcase classname="backend.tests.test_jobs_and_status" name="test_freelancer_status_unknown_404" time="0.093" /><testcase classname="backend.tests.test_jobs_and_status" name="test_freelancer_status_paid_only" time="0.100" /><testcase classname="backend.tests.test_jobs_and_status" name="test_freelancer_status_verified" time="0.099" /><testcase classname="backend.tests.test_jobs_buckets" name="test_jobs_total_with_bucket_field" time="0.105" /><testcase classname="backend.tests.test_jobs_buckets" name="test_jobs_bucket_filter_counts[Creative-56]" time="0.102" /><testcase classname="backend.tests.test_jobs_buckets" name="test_jobs_bucket_filter_counts[Tech-48]" time="0.105" /><testcase classname="backend.tests.test_jobs_buckets" name="test_jobs_bucket_filter_counts[Marketing-48]" time="0.090" /><testcase classname="backend.tests.test_jobs_buckets" name="test_jobs_bucket_filter_counts[Ops-48]" time="0.094" /><testcase classname="backend.tests.test_jobs_buckets" name="test_jobs_bucket_filter_case_insensitive_tech" time="0.095" /><testcase classname="backend.tests.test_jobs_buckets" name="test_jobs_bucket_garbage_returns_empty" time="0.091" /><testcase classname="backend.tests.test_jobs_buckets" name="test_jobs_bucket_tech_verified_phone_populated" time="2.304" /><testcase classname="backend.tests.test_jobs_buckets" name="test_jobs_bucket_tech_unverified_phone_null" time="0.099" /><testcase classname="backend.tests.test_jobs_buckets" name="test_jobs_structural_sanity" time="0.097" /><testcase classname="backend.tests.test_plans" name="test_plans_catalog_returns_six_plans" time="0.110" /><testcase classname="backend.tests.test_plans" name="test_plans_catalog_sections_and_prices" time="0.097" /><testcase classname="backend.tests.test_plans" name="test_plans_catalog_badges" time="0.096" /><testcase classname="backend.tests.test_plans" name="test_purchase_no_duration_plan_has_no_expiry" time="1.119" /><testcase classname="backend.tests.test_plans" name="test_purchase_branding_plan_has_expiry" time="20.818" /><testcase classname="backend.tests.test_plans" name="test_purchase_enterprise_suite_expiry" time="1.153" /><testcase classname="backend.tests.test_plans" name="test_purchase_invalid_plan_returns_404" time="0.103" /><testcase classname="backend.tests.test_plans" name="test_employer_active_plans_lists_only_own" time="0.102" /><testcase classname="backend.tests.test_plans" name="test_employer_active_plans_isolation" time="0.093" /><testcase classname="backend.tests.test_plans" name="test_regression_unlock_still_199" time="1.303" /><testcase classname="backend.tests.test_plans" name="test_regression_freelancer_pay_still_99" time="1.101" /><testcase classname="backend.tests.test_workhop_api" name="test_leads_preview" time="0.098" /><testcase classname="backend.tests.test_workhop_api" name="test_employer_unlock" time="1.302" /><testcase classname="backend.tests.test_workhop_api" name="test_aadhaar_short" time="1.218" /><testcase classname="backend.tests.test_workhop_api" name="test_aadhaar_dummy[000000000000]" time="0.096" /><testcase classname="backend.tests.test_workhop_api" name="test_aadhaar_dummy[111111111111]" time="0.091" /><testcase classname="backend.tests.test_workhop_api" name="test_aadhaar_dummy[123456789012]" time="0.098" /><testcase classname="backend.tests.test_workhop_api" name="test_aadhaar_unknown_freelancer" time="1.095" /><testcase classname="backend.tests.test_workhop_api" name="test_aadhaar_success" time="1.097" /><testcase classname="backend.tests.test_workhop_api" name="test_submit_too_many_images" time="0.094" /><testcase classname="backend.tests.test_workhop_api" name="test_submit_unknown" time="0.093" /><testcase classname="backend.tests.test_workhop_api" name="test_submit_success" time="0.092" /></testsuite></testsuites>