<?xml version="1.0" encoding="utf-8"?><testsuites name="pytest tests"><testsuite name="pytest" errors="0" failures="0" skipped="0" tests="17" time="2.562" timestamp="2026-07-18T10:36:30.066950+00:00" hostname="agent-env-e093e1a5-eb20-42b1-92cc-3a61985df934"><testcase classname="backend.tests.test_post_job_categories" name="test_post_job_accepts_catalog_category[Graphics &amp; Design-Creative]" time="0.332" /><testcase classname="backend.tests.test_post_job_categories" name="test_post_job_accepts_catalog_category[Programming &amp; Tech-Tech]" time="0.112" /><testcase classname="backend.tests.test_post_job_categories" name="test_post_job_accepts_catalog_category[Digital Marketing-Marketing]" time="0.128" /><testcase classname="backend.tests.test_post_job_categories" name="test_post_job_accepts_catalog_category[Writing &amp; Translation-Creative]" time="0.107" /><testcase classname="backend.tests.test_post_job_categories" name="test_post_job_accepts_catalog_category[Video &amp; Animation-Creative]" time="0.098" /><testcase classname="backend.tests.test_post_job_categories" name="test_post_job_accepts_catalog_category[AI Services-Tech]" time="0.103" /><testcase classname="backend.tests.test_post_job_categories" name="test_post_job_accepts_catalog_category[Music &amp; Audio-Creative]" time="0.137" /><testcase classname="backend.tests.test_post_job_categories" name="test_post_job_accepts_catalog_category[Business-Ops]" time="0.106" /><testcase classname="backend.tests.test_post_job_categories" name="test_post_job_accepts_catalog_category[Consulting-Ops]" time="0.134" /><testcase classname="backend.tests.test_post_job_categories" name="test_post_job_accepts_legacy_bucket[Creative]" time="0.134" /><testcase classname="backend.tests.test_post_job_categories" name="test_post_job_accepts_legacy_bucket[Tech]" time="0.135" /><testcase classname="backend.tests.test_post_job_categories" name="test_post_job_accepts_legacy_bucket[Marketing]" time="0.102" /><testcase classname="backend.tests.test_post_job_categories" name="test_post_job_accepts_legacy_bucket[Ops]" time="0.116" /><testcase classname="backend.tests.test_post_job_categories" name="test_post_job_rejects_invalid_bucket" time="0.129" /><testcase classname="backend.tests.test_post_job_categories" name="test_post_job_without_credit_returns_402" time="0.092" /><testcase classname="backend.tests.test_post_job_categories" name="test_e2e_digital_marketing_post_visible_in_feed" time="0.355" /><testcase classname="backend.tests.test_post_job_categories" name="test_post_job_low_pay_rejected" time="0.098" /></testsuite></testsuites>