<?xml version="1.0" encoding="utf-8"?><testsuites name="pytest tests"><testsuite name="pytest" errors="0" failures="0" skipped="0" tests="36" time="6.147" timestamp="2026-09-01T10:20:13.118635+00:00" hostname="agent-env-e093e1a5-eb20-42b1-92cc-3a61985df934"><testcase classname="backend.tests.test_admin_dashboard.TestAuthGating" name="test_no_token_returns_401[GET-/api/admin/overview]" time="0.280" /><testcase classname="backend.tests.test_admin_dashboard.TestAuthGating" name="test_no_token_returns_401[GET-/api/admin/users]" time="0.119" /><testcase classname="backend.tests.test_admin_dashboard.TestAuthGating" name="test_no_token_returns_401[GET-/api/admin/freelancers]" time="0.125" /><testcase classname="backend.tests.test_admin_dashboard.TestAuthGating" name="test_no_token_returns_401[GET-/api/admin/payments]" time="0.116" /><testcase classname="backend.tests.test_admin_dashboard.TestAuthGating" name="test_no_token_returns_401[GET-/api/admin/complaints]" time="0.136" /><testcase classname="backend.tests.test_admin_dashboard.TestAuthGating" name="test_no_token_returns_401[GET-/api/admin/coupons]" time="0.105" /><testcase classname="backend.tests.test_admin_dashboard.TestAuthGating" name="test_non_admin_returns_403[GET-/api/admin/overview]" time="0.121" /><testcase classname="backend.tests.test_admin_dashboard.TestAuthGating" name="test_non_admin_returns_403[GET-/api/admin/users]" time="0.129" /><testcase classname="backend.tests.test_admin_dashboard.TestAuthGating" name="test_non_admin_returns_403[GET-/api/admin/freelancers]" time="0.127" /><testcase classname="backend.tests.test_admin_dashboard.TestAuthGating" name="test_non_admin_returns_403[GET-/api/admin/payments]" time="0.175" /><testcase classname="backend.tests.test_admin_dashboard.TestAuthGating" name="test_non_admin_returns_403[GET-/api/admin/complaints]" time="0.144" /><testcase classname="backend.tests.test_admin_dashboard.TestAuthGating" name="test_non_admin_returns_403[GET-/api/admin/coupons]" time="0.130" /><testcase classname="backend.tests.test_admin_dashboard.TestAuthGating" name="test_admin_returns_200[GET-/api/admin/overview]" time="0.136" /><testcase classname="backend.tests.test_admin_dashboard.TestAuthGating" name="test_admin_returns_200[GET-/api/admin/users]" time="0.112" /><testcase classname="backend.tests.test_admin_dashboard.TestAuthGating" name="test_admin_returns_200[GET-/api/admin/freelancers]" time="0.144" /><testcase classname="backend.tests.test_admin_dashboard.TestAuthGating" name="test_admin_returns_200[GET-/api/admin/payments]" time="0.143" /><testcase classname="backend.tests.test_admin_dashboard.TestAuthGating" name="test_admin_returns_200[GET-/api/admin/complaints]" time="0.119" /><testcase classname="backend.tests.test_admin_dashboard.TestAuthGating" name="test_admin_returns_200[GET-/api/admin/coupons]" time="0.148" /><testcase classname="backend.tests.test_admin_dashboard.TestAuthMe" name="test_me_admin_is_true" time="0.133" /><testcase classname="backend.tests.test_admin_dashboard.TestAuthMe" name="test_me_non_admin_is_false" time="0.139" /><testcase classname="backend.tests.test_admin_dashboard.TestOverview" name="test_overview_shape" time="0.133" /><testcase classname="backend.tests.test_admin_dashboard.TestUsers" name="test_users_list_shape" time="0.164" /><testcase classname="backend.tests.test_admin_dashboard.TestPayments" name="test_payments_shape" time="0.116" /><testcase classname="backend.tests.test_admin_dashboard.TestComplaints" name="test_complaints_list" time="0.179" /><testcase classname="backend.tests.test_admin_dashboard.TestFreelancersApprove" name="test_freelancers_list" time="0.113" /><testcase classname="backend.tests.test_admin_dashboard.TestFreelancersApprove" name="test_approve_404_for_unknown" time="0.155" /><testcase classname="backend.tests.test_admin_dashboard.TestFreelancersApprove" name="test_approve_and_revert" time="0.609" /><testcase classname="backend.tests.test_admin_dashboard.TestCoupons" name="test_list_contains_seeded" time="0.134" /><testcase classname="backend.tests.test_admin_dashboard.TestCoupons" name="test_create_coupon" time="0.234" /><testcase classname="backend.tests.test_admin_dashboard.TestCoupons" name="test_public_validate_new_coupon" time="0.132" /><testcase classname="backend.tests.test_admin_dashboard.TestCoupons" name="test_duplicate_code_409" time="0.169" /><testcase classname="backend.tests.test_admin_dashboard.TestCoupons" name="test_invalid_percent_400" time="0.147" /><testcase classname="backend.tests.test_admin_dashboard.TestCoupons" name="test_invalid_applies_to_400" time="0.182" /><testcase classname="backend.tests.test_admin_dashboard.TestCoupons" name="test_disable_coupon_then_validate_404" time="0.275" /><testcase classname="backend.tests.test_admin_dashboard.TestCoupons" name="test_reenable_then_validate_ok" time="0.241" /><testcase classname="backend.tests.test_admin_dashboard.TestCoupons" name="test_zzz_leave_disabled" time="0.276" /></testsuite></testsuites>