<?xml version="1.0" encoding="utf-8"?><testsuites name="pytest tests"><testsuite name="pytest" errors="0" failures="0" skipped="0" tests="11" time="6.874" timestamp="2026-07-07T02:47:07.786756+00:00" hostname="agent-env-e093e1a5-eb20-42b1-92cc-3a61985df934"><testcase classname="backend.tests.test_plans" name="test_plans_catalog_returns_six_plans" time="0.341" /><testcase classname="backend.tests.test_plans" name="test_plans_catalog_sections_and_prices" time="0.091" /><testcase classname="backend.tests.test_plans" name="test_plans_catalog_badges" time="0.098" /><testcase classname="backend.tests.test_plans" name="test_purchase_no_duration_plan_has_no_expiry" time="1.108" /><testcase classname="backend.tests.test_plans" name="test_purchase_branding_plan_has_expiry" time="1.136" /><testcase classname="backend.tests.test_plans" name="test_purchase_enterprise_suite_expiry" time="1.133" /><testcase classname="backend.tests.test_plans" name="test_purchase_invalid_plan_returns_404" time="0.109" /><testcase classname="backend.tests.test_plans" name="test_employer_active_plans_lists_only_own" time="0.100" /><testcase classname="backend.tests.test_plans" name="test_employer_active_plans_isolation" time="0.132" /><testcase classname="backend.tests.test_plans" name="test_regression_unlock_still_199" time="1.369" /><testcase classname="backend.tests.test_plans" name="test_regression_freelancer_pay_still_99" time="1.126" /></testsuite></testsuites>