<?xml version="1.0" encoding="utf-8"?><testsuites name="pytest tests"><testsuite name="pytest" errors="0" failures="0" skipped="0" tests="38" time="21.544" timestamp="2026-06-16T04:43:02.326282+00:00" hostname="agent-env-e093e1a5-eb20-42b1-92cc-3a61985df934"><testcase classname="backend.tests.test_apply_quota" name="test_quota_initial_state" time="2.584" /><testcase classname="backend.tests.test_apply_quota" name="test_quota_unknown_freelancer_404" time="0.096" /><testcase classname="backend.tests.test_apply_quota" name="test_apply_unknown_job_404" time="0.093" /><testcase classname="backend.tests.test_apply_quota" name="test_apply_unknown_freelancer_404" time="0.099" /><testcase classname="backend.tests.test_apply_quota" name="test_apply_unverified_freelancer_403" time="1.287" /><testcase classname="backend.tests.test_apply_quota" name="test_apply_first_success_increments_quota" time="2.484" /><testcase classname="backend.tests.test_apply_quota" name="test_apply_duplicate_409" time="0.096" /><testcase classname="backend.tests.test_apply_quota" name="test_apply_quota_exhaust_then_402_then_unlock_then_succeed" time="1.763" /><testcase classname="backend.tests.test_apply_quota" name="test_unlock_unknown_freelancer_404" time="0.097" /><testcase classname="backend.tests.test_apply_quota" name="test_unlock_unverified_freelancer_403" time="0.097" /><testcase classname="backend.tests.test_jobs_and_status" name="test_jobs_anonymous_phone_null" time="0.130" /><testcase classname="backend.tests.test_jobs_and_status" name="test_jobs_unknown_freelancer_phone_null" time="0.095" /><testcase classname="backend.tests.test_jobs_and_status" name="test_jobs_paid_but_not_aadhaar_verified_phone_null" time="1.206" /><testcase classname="backend.tests.test_jobs_and_status" name="test_jobs_verified_freelancer_phone_visible" time="2.324" /><testcase classname="backend.tests.test_jobs_and_status" name="test_freelancer_status_unknown_404" time="0.098" /><testcase classname="backend.tests.test_jobs_and_status" name="test_freelancer_status_paid_only" time="0.095" /><testcase classname="backend.tests.test_jobs_and_status" name="test_freelancer_status_verified" time="0.097" /><testcase classname="backend.tests.test_jobs_buckets" name="test_jobs_total_50_with_bucket_field" time="0.096" /><testcase classname="backend.tests.test_jobs_buckets" name="test_jobs_bucket_filter_counts[Creative-14]" time="0.103" /><testcase classname="backend.tests.test_jobs_buckets" name="test_jobs_bucket_filter_counts[Tech-12]" time="0.093" /><testcase classname="backend.tests.test_jobs_buckets" name="test_jobs_bucket_filter_counts[Marketing-12]" time="0.095" /><testcase classname="backend.tests.test_jobs_buckets" name="test_jobs_bucket_filter_counts[Ops-12]" time="0.096" /><testcase classname="backend.tests.test_jobs_buckets" name="test_jobs_bucket_filter_case_insensitive_tech" time="0.096" /><testcase classname="backend.tests.test_jobs_buckets" name="test_jobs_bucket_garbage_returns_empty" time="0.093" /><testcase classname="backend.tests.test_jobs_buckets" name="test_jobs_bucket_tech_verified_phone_populated" time="2.300" /><testcase classname="backend.tests.test_jobs_buckets" name="test_jobs_bucket_tech_unverified_phone_null" time="0.101" /><testcase classname="backend.tests.test_jobs_buckets" name="test_jobs_structural_sanity" time="0.093" /><testcase classname="backend.tests.test_workhop_api" name="test_leads_preview" time="0.095" /><testcase classname="backend.tests.test_workhop_api" name="test_employer_unlock" time="1.303" /><testcase classname="backend.tests.test_workhop_api" name="test_aadhaar_short" time="1.217" /><testcase classname="backend.tests.test_workhop_api" name="test_aadhaar_dummy[000000000000]" time="0.097" /><testcase classname="backend.tests.test_workhop_api" name="test_aadhaar_dummy[111111111111]" time="0.096" /><testcase classname="backend.tests.test_workhop_api" name="test_aadhaar_dummy[123456789012]" time="0.096" /><testcase classname="backend.tests.test_workhop_api" name="test_aadhaar_unknown_freelancer" time="1.097" /><testcase classname="backend.tests.test_workhop_api" name="test_aadhaar_success" time="1.098" /><testcase classname="backend.tests.test_workhop_api" name="test_submit_too_many_images" time="0.098" /><testcase classname="backend.tests.test_workhop_api" name="test_submit_unknown" time="0.100" /><testcase classname="backend.tests.test_workhop_api" name="test_submit_success" time="0.098" /></testsuite></testsuites>